Build started 4/30/2018 6:53:20 PM.
     1>Project "C:\Users\anthony.arroyo\Documents\Visual Studio 2013\Projects\ConsoleApplication8\ConsoleApplication8\ConsoleApplication8.vcxproj" on node 2 (Build target(s)).
     1>ClCompile:
         C:\Program Files (x86)\Microsoft Visual Studio 12.0\VC\bin\CL.exe /c /ZI /nologo /W3 /WX- /sdl /Od /Oy- /D WIN32 /D _DEBUG /D _CONSOLE /D _LIB /D _UNICODE /D UNICODE /Gm /EHsc /RTC1 /MDd /GS /fp:precise /Zc:wchar_t /Zc:forScope /Fo"Debug\\" /Fd"Debug\vc120.pdb" /Gd /TP /analyze- /errorReport:prompt Database.cpp
         Database.cpp
     1>c:\users\anthony.arroyo\documents\visual studio 2013\projects\consoleapplication8\consoleapplication8\contact.h(7): error C2011: 'Confidant' : 'class' type redefinition
                 c:\users\anthony.arroyo\documents\visual studio 2013\projects\consoleapplication8\consoleapplication8\contact.h(7) : see declaration of 'Confidant'
     1>c:\users\anthony.arroyo\documents\visual studio 2013\projects\consoleapplication8\consoleapplication8\database.cpp(18): error C2027: use of undefined type 'Confidant'
                 c:\users\anthony.arroyo\documents\visual studio 2013\projects\consoleapplication8\consoleapplication8\contact.h(7) : see declaration of 'Confidant'
     1>c:\users\anthony.arroyo\documents\visual studio 2013\projects\consoleapplication8\consoleapplication8\database.cpp(18): error C2228: left of '.first' must have class/struct/union
     1>c:\users\anthony.arroyo\documents\visual studio 2013\projects\consoleapplication8\consoleapplication8\database.cpp(19): error C2027: use of undefined type 'Confidant'
                 c:\users\anthony.arroyo\documents\visual studio 2013\projects\consoleapplication8\consoleapplication8\contact.h(7) : see declaration of 'Confidant'
     1>c:\users\anthony.arroyo\documents\visual studio 2013\projects\consoleapplication8\consoleapplication8\database.cpp(19): error C2228: left of '.last' must have class/struct/union
     1>c:\users\anthony.arroyo\documents\visual studio 2013\projects\consoleapplication8\consoleapplication8\database.cpp(20): error C2027: use of undefined type 'Confidant'
                 c:\users\anthony.arroyo\documents\visual studio 2013\projects\consoleapplication8\consoleapplication8\contact.h(7) : see declaration of 'Confidant'
     1>c:\users\anthony.arroyo\documents\visual studio 2013\projects\consoleapplication8\consoleapplication8\database.cpp(20): error C2228: left of '.phone' must have class/struct/union
     1>c:\users\anthony.arroyo\documents\visual studio 2013\projects\consoleapplication8\consoleapplication8\database.cpp(21): error C2027: use of undefined type 'Confidant'
                 c:\users\anthony.arroyo\documents\visual studio 2013\projects\consoleapplication8\consoleapplication8\contact.h(7) : see declaration of 'Confidant'
     1>c:\users\anthony.arroyo\documents\visual studio 2013\projects\consoleapplication8\consoleapplication8\database.cpp(21): error C2228: left of '.email' must have class/struct/union
     1>Done Building Project "C:\Users\anthony.arroyo\Documents\Visual Studio 2013\Projects\ConsoleApplication8\ConsoleApplication8\ConsoleApplication8.vcxproj" (Build target(s)) -- FAILED.

Build FAILED.

Time Elapsed 00:00:00.32
